# JRE version: OpenJDK Runtime Environment (8.0_432-b06) (build 1.8.0_432-b06)
# Java VM: OpenJDK 64-Bit Server VM (25.432-b06 mixed mode windows-amd64 compressed oops)
Heap:
 PSYoungGen      total 244224K, used 223760K [0x000000076c500000, 0x000000077c580000, 0x00000007c0000000)
  eden space 226816K, 93% used [0x000000076c500000,0x0000000779509fb8,0x000000077a280000)
  from space 17408K, 61% used [0x000000077b480000,0x000000077befa090,0x000000077c580000)
  to   space 17920K, 0% used [0x000000077a280000,0x000000077a280000,0x000000077b400000)
 ParOldGen       total 101376K, used 17919K [0x00000006c4e00000, 0x00000006cb100000, 0x000000076c500000)
  object space 101376K, 17% used [0x00000006c4e00000,0x00000006c5f7fe40,0x00000006cb100000)
 Metaspace       used 45818K, capacity 48456K, committed 48592K, reserved 1091584K
  class space    used 6090K, capacity 6570K, committed 6656K, reserved 1048576K
GC Heap History (10 events):
Event: 2.838 GC heap before
{Heap before GC invocations=6 (full 1):
 PSYoungGen      total 139776K, used 129024K [0x000000076c500000, 0x0000000775800000, 0x00000007c0000000)
  eden space 129024K, 100% used [0x000000076c500000,0x0000000774300000,0x0000000774300000)
  from space 10752K, 0% used [0x0000000774d80000,0x0000000774d80000,0x0000000775800000)
  to   space 10752K, 0% used [0x0000000774300000,0x0000000774300000,0x0000000774d80000)
 ParOldGen       total 76800K, used 5324K [0x00000006c4e00000, 0x00000006c9900000, 0x000000076c500000)
  object space 76800K, 6% used [0x00000006c4e00000,0x00000006c53330d0,0x00000006c9900000)
 Metaspace       used 28352K, capacity 30200K, committed 30332K, reserved 1075200K
  class space    used 3739K, capacity 4128K, committed 4224K, reserved 1048576K
Event: 4.866 GC heap after
Heap after GC invocations=6 (full 1):
 PSYoungGen      total 139776K, used 10721K [0x000000076c500000, 0x0000000775800000, 0x00000007c0000000)
  eden space 129024K, 0% used [0x000000076c500000,0x000000076c500000,0x0000000774300000)
  from space 10752K, 99% used [0x0000000774300000,0x0000000774d78650,0x0000000774d80000)
  to   space 10752K, 0% used [0x0000000774d80000,0x0000000774d80000,0x0000000775800000)
 ParOldGen       total 76800K, used 8790K [0x00000006c4e00000, 0x00000006c9900000, 0x000000076c500000)
  object space 76800K, 11% used [0x00000006c4e00000,0x00000006c5695808,0x00000006c9900000)
 Metaspace       used 28352K, capacity 30200K, committed 30332K, reserved 1075200K
  class space    used 3739K, capacity 4128K, committed 4224K, reserved 1048576K
}
Event: 5.670 GC heap before
{Heap before GC invocations=7 (full 1):
 PSYoungGen      total 139776K, used 139745K [0x000000076c500000, 0x0000000775800000, 0x00000007c0000000)
  eden space 129024K, 100% used [0x000000076c500000,0x0000000774300000,0x0000000774300000)
  from space 10752K, 99% used [0x0000000774300000,0x0000000774d78650,0x0000000774d80000)
  to   space 10752K, 0% used [0x0000000774d80000,0x0000000774d80000,0x0000000775800000)
 ParOldGen       total 76800K, used 8790K [0x00000006c4e00000, 0x00000006c9900000, 0x000000076c500000)
  object space 76800K, 11% used [0x00000006c4e00000,0x00000006c5695808,0x00000006c9900000)
 Metaspace       used 33766K, capacity 35960K, committed 36048K, reserved 1081344K
  class space    used 4459K, capacity 4850K, committed 4864K, reserved 1048576K
Event: 5.677 GC heap after
Heap after GC invocations=7 (full 1):
 PSYoungGen      total 132096K, used 10740K [0x000000076c500000, 0x000000077d180000, 0x00000007c0000000)
  eden space 121344K, 0% used [0x000000076c500000,0x000000076c500000,0x0000000773b80000)
  from space 10752K, 99% used [0x0000000774d80000,0x00000007757fd0a0,0x0000000775800000)
  to   space 18432K, 0% used [0x0000000773b80000,0x0000000773b80000,0x0000000774d80000)
 ParOldGen       total 76800K, used 13781K [0x00000006c4e00000, 0x00000006c9900000, 0x000000076c500000)
  object space 76800K, 17% used [0x00000006c4e00000,0x00000006c5b75600,0x00000006c9900000)
 Metaspace       used 33766K, capacity 35960K, committed 36048K, reserved 1081344K
  class space    used 4459K, capacity 4850K, committed 4864K, reserved 1048576K
}
Event: 5.705 GC heap before
{Heap before GC invocations=8 (full 1):
 PSYoungGen      total 132096K, used 21632K [0x000000076c500000, 0x000000077d180000, 0x00000007c0000000)
  eden space 121344K, 8% used [0x000000076c500000,0x000000076cfa31b0,0x0000000773b80000)
  from space 10752K, 99% used [0x0000000774d80000,0x00000007757fd0a0,0x0000000775800000)
  to   space 18432K, 0% used [0x0000000773b80000,0x0000000773b80000,0x0000000774d80000)
 ParOldGen       total 76800K, used 13781K [0x00000006c4e00000, 0x00000006c9900000, 0x000000076c500000)
  object space 76800K, 17% used [0x00000006c4e00000,0x00000006c5b75600,0x00000006c9900000)
 Metaspace       used 33813K, capacity 35960K, committed 36048K, reserved 1081344K
  class space    used 4463K, capacity 4850K, committed 4864K, reserved 1048576K
Event: 5.709 GC heap after
Heap after GC invocations=8 (full 1):
 PSYoungGen      total 139776K, used 12985K [0x000000076c500000, 0x000000077c680000, 0x00000007c0000000)
  eden space 121344K, 0% used [0x000000076c500000,0x000000076c500000,0x0000000773b80000)
  from space 18432K, 70% used [0x0000000773b80000,0x000000077482e6f0,0x0000000774d80000)
  to   space 18432K, 0% used [0x000000077b480000,0x000000077b480000,0x000000077c680000)
 ParOldGen       total 76800K, used 13789K [0x00000006c4e00000, 0x00000006c9900000, 0x000000076c500000)
  object space 76800K, 17% used [0x00000006c4e00000,0x00000006c5b77600,0x00000006c9900000)
 Metaspace       used 33813K, capacity 35960K, committed 36048K, reserved 1081344K
  class space    used 4463K, capacity 4850K, committed 4864K, reserved 1048576K
}
Event: 5.709 GC heap before
{Heap before GC invocations=9 (full 2):
 PSYoungGen      total 139776K, used 12985K [0x000000076c500000, 0x000000077c680000, 0x00000007c0000000)
  eden space 121344K, 0% used [0x000000076c500000,0x000000076c500000,0x0000000773b80000)
  from space 18432K, 70% used [0x0000000773b80000,0x000000077482e6f0,0x0000000774d80000)
  to   space 18432K, 0% used [0x000000077b480000,0x000000077b480000,0x000000077c680000)
 ParOldGen       total 76800K, used 13789K [0x00000006c4e00000, 0x00000006c9900000, 0x000000076c500000)
  object space 76800K, 17% used [0x00000006c4e00000,0x00000006c5b77600,0x00000006c9900000)
 Metaspace       used 33813K, capacity 35960K, committed 36048K, reserved 1081344K
  class space    used 4463K, capacity 4850K, committed 4864K, reserved 1048576K
Event: 5.735 GC heap after
Heap after GC invocations=9 (full 2):
 PSYoungGen      total 139776K, used 0K [0x000000076c500000, 0x000000077c680000, 0x00000007c0000000)
  eden space 121344K, 0% used [0x000000076c500000,0x000000076c500000,0x0000000773b80000)
  from space 18432K, 0% used [0x0000000773b80000,0x0000000773b80000,0x0000000774d80000)
  to   space 18432K, 0% used [0x000000077b480000,0x000000077b480000,0x000000077c680000)
 ParOldGen       total 101376K, used 17903K [0x00000006c4e00000, 0x00000006cb100000, 0x000000076c500000)
  object space 101376K, 17% used [0x00000006c4e00000,0x00000006c5f7be40,0x00000006cb100000)
 Metaspace       used 33813K, capacity 35960K, committed 36048K, reserved 1081344K
  class space    used 4463K, capacity 4850K, committed 4864K, reserved 1048576K
}
Event: 6.952 GC heap before
{Heap before GC invocations=10 (full 2):
 PSYoungGen      total 139776K, used 121344K [0x000000076c500000, 0x000000077c680000, 0x00000007c0000000)
  eden space 121344K, 100% used [0x000000076c500000,0x0000000773b80000,0x0000000773b80000)
  from space 18432K, 0% used [0x0000000773b80000,0x0000000773b80000,0x0000000774d80000)
  to   space 18432K, 0% used [0x000000077b480000,0x000000077b480000,0x000000077c680000)
 ParOldGen       total 101376K, used 17903K [0x00000006c4e00000, 0x00000006cb100000, 0x000000076c500000)
  object space 101376K, 17% used [0x00000006c4e00000,0x00000006c5f7be40,0x00000006cb100000)
 Metaspace       used 41401K, capacity 43730K, committed 43984K, reserved 1087488K
  class space    used 5450K, capacity 5879K, committed 5888K, reserved 1048576K
Event: 6.957 GC heap after
Heap after GC invocations=10 (full 2):
 PSYoungGen      total 244224K, used 10728K [0x000000076c500000, 0x000000077c580000, 0x00000007c0000000)
  eden space 226816K, 0% used [0x000000076c500000,0x000000076c500000,0x000000077a280000)
  from space 17408K, 61% used [0x000000077b480000,0x000000077befa090,0x000000077c580000)
  to   space 17920K, 0% used [0x000000077a280000,0x000000077a280000,0x000000077b400000)
 ParOldGen       total 101376K, used 17919K [0x00000006c4e00000, 0x00000006cb100000, 0x000000076c500000)
  object space 101376K, 17% used [0x00000006c4e00000,0x00000006c5f7fe40,0x00000006cb100000)
 Metaspace       used 41401K, capacity 43730K, committed 43984K, reserved 1087488K
  class space    used 5450K, capacity 5879K, committed 5888K, reserved 1048576K
}

