# JRE version: OpenJDK Runtime Environment (8.0_432-b06) (build 1.8.0_432-b06)
# Java VM: OpenJDK 64-Bit Server VM (25.432-b06 mixed mode windows-amd64 compressed oops)
Heap:
 PSYoungGen      total 256512K, used 215423K [0x000000076c500000, 0x000000077d100000, 0x00000007c0000000)
  eden space 238592K, 90% used [0x000000076c500000,0x000000077975fe28,0x000000077ae00000)
  from space 17920K, 0% used [0x000000077ae00000,0x000000077ae00000,0x000000077bf80000)
  to   space 15360K, 0% used [0x000000077c100000,0x000000077c100000,0x000000077d000000)
 ParOldGen       total 100864K, used 17916K [0x00000006c4e00000, 0x00000006cb080000, 0x000000076c500000)
  object space 100864K, 17% used [0x00000006c4e00000,0x00000006c5f7f2f0,0x00000006cb080000)
 Metaspace       used 43064K, capacity 45580K, committed 45776K, reserved 1089536K
  class space    used 5647K, capacity 6134K, committed 6144K, reserved 1048576K
GC Heap History (10 events):
Event: 1.645 GC heap before
{Heap before GC invocations=5 (full 1):
 PSYoungGen      total 139776K, used 5602K [0x000000076c500000, 0x0000000775800000, 0x00000007c0000000)
  eden space 129024K, 0% used [0x000000076c500000,0x000000076c500000,0x0000000774300000)
  from space 10752K, 52% used [0x0000000774d80000,0x00000007752f88b8,0x0000000775800000)
  to   space 10752K, 0% used [0x0000000774300000,0x0000000774300000,0x0000000774d80000)
 ParOldGen       total 172032K, used 40K [0x00000006c4e00000, 0x00000006cf600000, 0x000000076c500000)
  object space 172032K, 0% used [0x00000006c4e00000,0x00000006c4e0a000,0x00000006cf600000)
 Metaspace       used 19903K, capacity 21466K, committed 21628K, reserved 1069056K
  class space    used 2625K, capacity 2923K, committed 2944K, reserved 1048576K
Event: 1.666 GC heap after
Heap after GC invocations=5 (full 1):
 PSYoungGen      total 139776K, used 0K [0x000000076c500000, 0x0000000775800000, 0x00000007c0000000)
  eden space 129024K, 0% used [0x000000076c500000,0x000000076c500000,0x0000000774300000)
  from space 10752K, 0% used [0x0000000774d80000,0x0000000774d80000,0x0000000775800000)
  to   space 10752K, 0% used [0x0000000774300000,0x0000000774300000,0x0000000774d80000)
 ParOldGen       total 76800K, used 5402K [0x00000006c4e00000, 0x00000006c9900000, 0x000000076c500000)
  object space 76800K, 7% used [0x00000006c4e00000,0x00000006c5346a00,0x00000006c9900000)
 Metaspace       used 19903K, capacity 21466K, committed 21628K, reserved 1069056K
  class space    used 2625K, capacity 2923K, committed 2944K, reserved 1048576K
}
Event: 2.356 GC heap before
{Heap before GC invocations=6 (full 1):
 PSYoungGen      total 139776K, used 129024K [0x000000076c500000, 0x0000000775800000, 0x00000007c0000000)
  eden space 129024K, 100% used [0x000000076c500000,0x0000000774300000,0x0000000774300000)
  from space 10752K, 0% used [0x0000000774d80000,0x0000000774d80000,0x0000000775800000)
  to   space 10752K, 0% used [0x0000000774300000,0x0000000774300000,0x0000000774d80000)
 ParOldGen       total 76800K, used 5402K [0x00000006c4e00000, 0x00000006c9900000, 0x000000076c500000)
  object space 76800K, 7% used [0x00000006c4e00000,0x00000006c5346a00,0x00000006c9900000)
 Metaspace       used 28349K, capacity 30176K, committed 30204K, reserved 1075200K
  class space    used 3731K, capacity 4096K, committed 4096K, reserved 1048576K
Event: 2.382 GC heap after
Heap after GC invocations=6 (full 1):
 PSYoungGen      total 139776K, used 10739K [0x000000076c500000, 0x000000077d000000, 0x00000007c0000000)
  eden space 129024K, 0% used [0x000000076c500000,0x000000076c500000,0x0000000774300000)
  from space 10752K, 99% used [0x0000000774300000,0x0000000774d7ce10,0x0000000774d80000)
  to   space 15360K, 0% used [0x000000077c100000,0x000000077c100000,0x000000077d000000)
 ParOldGen       total 76800K, used 8859K [0x00000006c4e00000, 0x00000006c9900000, 0x000000076c500000)
  object space 76800K, 11% used [0x00000006c4e00000,0x00000006c56a6fb0,0x00000006c9900000)
 Metaspace       used 28349K, capacity 30176K, committed 30204K, reserved 1075200K
  class space    used 3731K, capacity 4096K, committed 4096K, reserved 1048576K
}
Event: 3.039 GC heap before
{Heap before GC invocations=7 (full 1):
 PSYoungGen      total 139776K, used 139763K [0x000000076c500000, 0x000000077d000000, 0x00000007c0000000)
  eden space 129024K, 100% used [0x000000076c500000,0x0000000774300000,0x0000000774300000)
  from space 10752K, 99% used [0x0000000774300000,0x0000000774d7ce10,0x0000000774d80000)
  to   space 15360K, 0% used [0x000000077c100000,0x000000077c100000,0x000000077d000000)
 ParOldGen       total 76800K, used 8859K [0x00000006c4e00000, 0x00000006c9900000, 0x000000076c500000)
  object space 76800K, 11% used [0x00000006c4e00000,0x00000006c56a6fb0,0x00000006c9900000)
 Metaspace       used 33762K, capacity 35976K, committed 36048K, reserved 1081344K
  class space    used 4455K, capacity 4850K, committed 4864K, reserved 1048576K
Event: 3.047 GC heap after
Heap after GC invocations=7 (full 1):
 PSYoungGen      total 253952K, used 15355K [0x000000076c500000, 0x000000077d100000, 0x00000007c0000000)
  eden space 238592K, 0% used [0x000000076c500000,0x000000076c500000,0x000000077ae00000)
  from space 15360K, 99% used [0x000000077c100000,0x000000077cffeec0,0x000000077d000000)
  to   space 17920K, 0% used [0x000000077ae00000,0x000000077ae00000,0x000000077bf80000)
 ParOldGen       total 76800K, used 8867K [0x00000006c4e00000, 0x00000006c9900000, 0x000000076c500000)
  object space 76800K, 11% used [0x00000006c4e00000,0x00000006c56a8fb0,0x00000006c9900000)
 Metaspace       used 33762K, capacity 35976K, committed 36048K, reserved 1081344K
  class space    used 4455K, capacity 4850K, committed 4864K, reserved 1048576K
}
Event: 3.069 GC heap before
{Heap before GC invocations=8 (full 1):
 PSYoungGen      total 253952K, used 27985K [0x000000076c500000, 0x000000077d100000, 0x00000007c0000000)
  eden space 238592K, 5% used [0x000000076c500000,0x000000076d155918,0x000000077ae00000)
  from space 15360K, 99% used [0x000000077c100000,0x000000077cffeec0,0x000000077d000000)
  to   space 17920K, 0% used [0x000000077ae00000,0x000000077ae00000,0x000000077bf80000)
 ParOldGen       total 76800K, used 8867K [0x00000006c4e00000, 0x00000006c9900000, 0x000000076c500000)
  object space 76800K, 11% used [0x00000006c4e00000,0x00000006c56a8fb0,0x00000006c9900000)
 Metaspace       used 33819K, capacity 35976K, committed 36048K, reserved 1081344K
  class space    used 4460K, capacity 4850K, committed 4864K, reserved 1048576K
Event: 3.076 GC heap after
Heap after GC invocations=8 (full 1):
 PSYoungGen      total 256512K, used 12953K [0x000000076c500000, 0x000000077d100000, 0x00000007c0000000)
  eden space 238592K, 0% used [0x000000076c500000,0x000000076c500000,0x000000077ae00000)
  from space 17920K, 72% used [0x000000077ae00000,0x000000077baa66f0,0x000000077bf80000)
  to   space 15360K, 0% used [0x000000077c100000,0x000000077c100000,0x000000077d000000)
 ParOldGen       total 76800K, used 8875K [0x00000006c4e00000, 0x00000006c9900000, 0x000000076c500000)
  object space 76800K, 11% used [0x00000006c4e00000,0x00000006c56aafb0,0x00000006c9900000)
 Metaspace       used 33819K, capacity 35976K, committed 36048K, reserved 1081344K
  class space    used 4460K, capacity 4850K, committed 4864K, reserved 1048576K
}
Event: 3.076 GC heap before
{Heap before GC invocations=9 (full 2):
 PSYoungGen      total 256512K, used 12953K [0x000000076c500000, 0x000000077d100000, 0x00000007c0000000)
  eden space 238592K, 0% used [0x000000076c500000,0x000000076c500000,0x000000077ae00000)
  from space 17920K, 72% used [0x000000077ae00000,0x000000077baa66f0,0x000000077bf80000)
  to   space 15360K, 0% used [0x000000077c100000,0x000000077c100000,0x000000077d000000)
 ParOldGen       total 76800K, used 8875K [0x00000006c4e00000, 0x00000006c9900000, 0x000000076c500000)
  object space 76800K, 11% used [0x00000006c4e00000,0x00000006c56aafb0,0x00000006c9900000)
 Metaspace       used 33819K, capacity 35976K, committed 36048K, reserved 1081344K
  class space    used 4460K, capacity 4850K, committed 4864K, reserved 1048576K
Event: 3.103 GC heap after
Heap after GC invocations=9 (full 2):
 PSYoungGen      total 256512K, used 0K [0x000000076c500000, 0x000000077d100000, 0x00000007c0000000)
  eden space 238592K, 0% used [0x000000076c500000,0x000000076c500000,0x000000077ae00000)
  from space 17920K, 0% used [0x000000077ae00000,0x000000077ae00000,0x000000077bf80000)
  to   space 15360K, 0% used [0x000000077c100000,0x000000077c100000,0x000000077d000000)
 ParOldGen       total 100864K, used 17916K [0x00000006c4e00000, 0x00000006cb080000, 0x000000076c500000)
  object space 100864K, 17% used [0x00000006c4e00000,0x00000006c5f7f2f0,0x00000006cb080000)
 Metaspace       used 33819K, capacity 35976K, committed 36048K, reserved 1081344K
  class space    used 4460K, capacity 4850K, committed 4864K, reserved 1048576K
}

